
================== ASTRAL ===================== 

This is ASTRAL version 5.7.3
Gene trees are treated as unrooted
2062 trees read from alb_bestTrees.trees
All output trees will be *arbitrarily* rooted at P_polychopterus

======== Running the main analysis
Number of taxa: 18 (11 species)
Taxa: {P_uropygialis=[P_uropygialis101156, P_uropyg107848], Tityra_cayana=[Tityra_cayan_L3145], P_salvini=[P_salv8114, P_salvini6079], P_major=[P_major1195], P_guayaquilensis=[P_guay33362, P_guay_L33450], P_ornatus=[P_ornatus41620], P_similis=[P_sim60813, P_similis108370], P_albogriseus=[P_albogr_494147, P_coronatus387453], P_marginatus=[P_nanus_3866], P_dorsalis=[Pac_dor282130], P_polychopterus=[P_pol392915, P_spi6149, P_nigri275]}
Taxon occupancy: {P_pol392915=1989, P_albogr_494147=1704, P_spi6149=1773, P_salv8114=1505, P_sim60813=1982, P_salvini6079=1966, P_coronatus387453=1608, Pac_dor282130=1525, P_major1195=1947, P_uropygialis101156=2045, P_ornatus41620=1962, P_guay33362=2007, P_similis108370=1966, P_nanus_3866=1731, Tityra_cayan_L3145=2062, P_uropyg107848=1933, P_guay_L33450=2020, P_nigri275=1992}
Number of gene trees: 2062
1391 trees have missing taxa
Calculating quartet distance matrix (for completion of X)
Species tree distances calculated ...
Will attempt to complete bipartitions from X before adding using a distance matrix.
Building set of clusters (X) from gene trees 
In second round sampling 2 rounds will be done
------------------------------
gradient0: 1601
------------------------------
gradient1: 128
Number of Clusters after addition by distance: 1729
calculating extra bipartitions to be added at level 1 ...
Adding to X using resolutions of greedy consensus ...
Limit for sigma of degrees:325
polytomy size limit : 8
discarded polytomies:  [8]
Threshold 0.0:
Threshold 0.01:
Threshold 0.02:
Threshold 0.05:
Threshold 0.1:
Threshold 0.2:
Threshold 0.3333333333333333:
polytomy of size 8; rounds with additions with at least 5 support: 0; clusters: 1729
max k is :0
Number of Clusters after addition by greedy: 1729
gradient0 in heuristiic: 1729
calculating extra bipartitions to be added at level 1 ...
Adding to X using resolutions of greedy consensus ...
Limit for sigma of degrees:325
polytomy size limit : 8
discarded polytomies:  [4, 8]
Threshold 0.0:
Threshold 0.01:
Threshold 0.02:
Threshold 0.05:
Threshold 0.1:
Threshold 0.2:
polytomy of size 4; rounds with additions with at least 5 support: 0; clusters: 1729
Threshold 0.3333333333333333:
polytomy of size 8; rounds with additions with at least 5 support: 0; clusters: 1729
max k is :0
Number of Clusters after addition by greedy: 1729
gradient1 in heuristiic: 0
partitions formed in 11.992 secs
Dynamic Programming starting after 11.993 secs
Using tree-based weight calculation.
Using polytree-based weight calculation.
Polytree max score: 4455913
Polytree building time: 2.277 seconds.
Counting unresolvable quartets ... 23439
Number of quartet trees in the gene trees: 4432474
Size of largest cluster: 18
Greedy score: 1759854
estimationFactor: 2.5319787891495547
Sub-optimal score: 2120757
Total Number of elements weighted: 23621
Normalized score (portion of input quartet trees satisfied before correcting for multiple individuals): 0.5089733182868078
Optimization score: 2256011
Optimal tree inferred in 34.606 secs.
(P_major,(P_uropygialis,((P_albogriseus,(P_salvini,P_ornatus)),(P_marginatus,(Tityra_cayana,(P_guayaquilensis,(P_dorsalis,(P_polychopterus,P_similis))))))));
Final quartet score is: 2701189
Final normalized quartet score is: 0.6094088763972445
((P_pol392915,P_spi6149,P_nigri275)40.16:0.10760626174552392,((P_sim60813,P_similis108370)46.23:0.21453477304649618,(Pac_dor282130,((P_guay33362,P_guay_L33450)77.49:1.0840088395124035,(Tityra_cayan_L3145,(P_nanus_3866,(((P_albogr_494147,P_coronatus387453)46.46:0.2186297922465653,((P_salv8114,P_salvini6079)35.27:0.02914990586064705,P_ornatus41620)55.32:0.399484917191026)41.52:0.13057251078083026,((P_uropygialis101156,P_uropyg107848)48.43:0.25627236917013585,P_major1195)66.85:0.6975384200119793)53.84:0.36692095196148583)48.34:0.25447871843888437)47:0.22899709675951366)41.81:0.13544082948361225)44.08:0.1752827524672819));
Weight calculation took 20.072496325 secs
ASTRAL finished in 35.225 secs
